[38;5;112m[Appium][0m Welcome to Appium v2.12.1
[38;5;112m[Appium][0m Non-default server args:
[38;5;112m[Appium][0m { basePath: [32m'/wd/hub'[39m, loglevel: [32m'info'[39m, port: [33m61298[39m }
[38;5;112m[Appium][0m Attempting to load driver uiautomator2...
[38;5;112m[Appium][0m Appium REST http interface listener started on http://0.0.0.0:61298/wd/hub
[38;5;112m[Appium][0m You can provide the following URLs in your client code to connect to this server:
	http://192.168.1.175:61298/wd/hub
	http://127.0.0.1:61298/wd/hub (only accessible from the same host)
[38;5;112m[Appium][0m Available drivers:
[38;5;112m[Appium][0m   - uiautomator2@3.8.1 (automationName 'UiAutomator2')
[38;5;112m[Appium][0m No plugins have been installed. Use the "appium plugin" command to install the one(s) you want to use.
[38;5;86m[HTTP][0m [37m-->[39m [37mGET[39m [37m/wd/hub/status[39m [90m{}[39m
[38;5;86m[HTTP][0m [37m<-- GET /wd/hub/status [39m[32m200[39m [90m4 ms - 111[39m [90m[39m
[38;5;86m[HTTP][0m [37m-->[39m [37mGET[39m [37m/wd/hub/status[39m [90m{}[39m
[38;5;86m[HTTP][0m [37m<-- GET /wd/hub/status [39m[32m200[39m [90m1 ms - 111[39m [90m[39m
[38;5;86m[HTTP][0m [37m-->[39m [37mPOST[39m [37m/wd/hub/session[39m [90m{"capabilities":{"firstMatch":[{"appium:appActivity":".Settings","appium:appPackage":"com.android.settings","appium:autoGrantPermissions":true,"appium:automationName":"uiautomator2","appium:deviceName":"Xiaomi M2101K7BNY (Android 13)","appium:newCommandTimeout":1800,"appium:platformName":"ANDROID","appium:platformVersion":"13","appium:systemPort":8262,"appium:udid":"SW6LI74XS8ROPBOV","platformName":"ANDROID"}]},"desiredCapabilities":{"appium:appActivity":".Settings","appium:appPackage":"com.android.settings","appium:autoGrantPermissions":true,"appium:automationName":"uiautomator2","appium:deviceName":"Xiaomi M2101K7BNY (Android 13)","appium:newCommandTimeout":1800,"appium:platformName":"ANDROID","appium:platformVersion":"13","appium:systemPort":8262,"appium:udid":"SW6LI74XS8ROPBOV"}}[39m
[38;5;123m[BaseDriver][0m Ignoring capability 'appium:platformName=ANDROID' and using capability 'platformName=ANDROID'
[38;5;123m[BaseDriver][0m The capabilities ["platformName"] are standard capabilities and do not require "appium:" prefix
[38;5;112m[Appium][0m Attempting to find matching driver for automationName 'uiautomator2' and platformName 'ANDROID'
[38;5;112m[Appium][0m The 'uiautomator2' driver was installed and matched caps.
[38;5;112m[Appium][0m Will require it at C:\Users\Lenovo\.appium\node_modules\appium-uiautomator2-driver
[38;5;166m[AppiumDriver@6d08][0m Appium v2.12.1 creating new AndroidUiautomator2Driver (v3.8.1) session
[38;5;166m[AppiumDriver@6d08][0m Checking BaseDriver versions for Appium and AndroidUiautomator2Driver
[38;5;166m[AppiumDriver@6d08][0m Appium's BaseDriver version is 9.12.1
[38;5;166m[AppiumDriver@6d08][0m AndroidUiautomator2Driver's BaseDriver version is 9.12.1
[38;5;140m[440cb498][0m[38;5;-16m[AndroidUiautomator2Driver@055e][0m Session created with session id: 440cb498-0a95-4229-ad78-90c551a49139
[38;5;140m[440cb498][0m[38;5;229m[ADB][0m Found 1 'build-tools' folders under 'C:\Users\Lenovo\.katalon\tools\android_sdk' (newest first):
[38;5;140m[440cb498][0m[38;5;229m[ADB][0m     C:\Users\Lenovo\.katalon\tools\android_sdk\build-tools\29.0.3
[38;5;140m[440cb498][0m[38;5;229m[ADB][0m Using 'adb.exe' from 'C:\Users\Lenovo\.katalon\tools\android_sdk\platform-tools\adb.exe'
[38;5;140m[440cb498][0m[38;5;-16m[AndroidUiautomator2Driver@055e][0m Retrieving device list
[38;5;140m[440cb498][0m[38;5;-16m[AndroidUiautomator2Driver@055e][0m Using device: SW6LI74XS8ROPBOV
[38;5;140m[440cb498][0m[38;5;229m[ADB][0m Using 'adb.exe' from 'C:\Users\Lenovo\.katalon\tools\android_sdk\platform-tools\adb.exe'
[38;5;140m[440cb498][0m[38;5;-16m[AndroidUiautomator2Driver@055e][0m Starting 'com.android.settings' directly on the device
[38;5;140m[440cb498][0m[38;5;229m[ADB][0m Getting device platform version
[38;5;140m[440cb498][0m[38;5;-16m[AndroidUiautomator2Driver@055e][0m Relaxing hidden api policy
[38;5;140m[440cb498][0m[38;5;-16m[AndroidUiautomator2Driver@055e][0m No app sent in, not parsing package/activity
[38;5;140m[440cb498][0m[38;5;229m[ADB][0m Using 'aapt2.exe' from 'C:\Users\Lenovo\.katalon\tools\android_sdk\build-tools\29.0.3\aapt2.exe'
[38;5;140m[440cb498][0m[38;5;-16m[AndroidUiautomator2Driver@055e][0m Server packages are not going to be (re)installed
[38;5;140m[440cb498][0m[38;5;229m[ADB][0m Adding packages ["io.appium.settings","io.appium.uiautomator2.server","io.appium.uiautomator2.server.test"] to Doze whitelist
[38;5;140m[440cb498][0m[38;5;-16m[AndroidUiautomator2Driver@055e][0m Starting UIAutomator2 server 7.1.1
[38;5;140m[440cb498][0m[38;5;-16m[AndroidUiautomator2Driver@055e][0m Using UIAutomator2 server from 'C:\Users\Lenovo\.appium\node_modules\appium-uiautomator2-driver\node_modules\appium-uiautomator2-server\apks\appium-uiautomator2-server-v7.1.1.apk' and test from 'C:\Users\Lenovo\.appium\node_modules\appium-uiautomator2-driver\node_modules\appium-uiautomator2-server\apks\appium-uiautomator2-server-debug-androidTest.apk'
[38;5;140m[440cb498][0m[38;5;-16m[AndroidUiautomator2Driver@055e][0m Waiting up to 30000ms for UiAutomator2 to be online...
[38;5;140m[440cb498][0m[38;5;-16m[AndroidUiautomator2Driver@055e][0m socket hang up
[38;5;140m[440cb498][0m[38;5;-16m[AndroidUiautomator2Driver@055e][0m socket hang up
[38;5;140m[440cb498][0m[38;5;-16m[AndroidUiautomator2Driver@055e][0m socket hang up
[38;5;140m[440cb498][0m[38;5;-16m[AndroidUiautomator2Driver@055e][0m Determined the downstream protocol as 'W3C'
[38;5;140m[440cb498][0m[38;5;-16m[AndroidUiautomator2Driver@055e][0m Screen already unlocked, doing nothing
[38;5;140m[440cb498][0m[38;5;-16m[AndroidUiautomator2Driver@055e][0m Starting 'com.android.settings/.Settings and waiting for 'com.android.settings/.Settings'
[38;5;140m[440cb498][0m[38;5;166m[AppiumDriver@6d08][0m New AndroidUiautomator2Driver session created successfully, session 440cb498-0a95-4229-ad78-90c551a49139 added to master session list
[38;5;140m[440cb498][0m[38;5;86m[HTTP][0m [37m<-- POST /wd/hub/session [39m[32m200[39m [90m6270 ms - 1108[39m [90m[39m
[38;5;86m[HTTP][0m [37m-->[39m [37mGET[39m [37m/wd/hub/status[39m [90m{}[39m
[38;5;86m[HTTP][0m [37m<-- GET /wd/hub/status [39m[32m200[39m [90m1 ms - 111[39m [90m[39m
[38;5;140m[440cb498][0m[38;5;86m[HTTP][0m [37m-->[39m [37mPOST[39m [37m/wd/hub/session/440cb498-0a95-4229-ad78-90c551a49139/timeouts[39m [90m{"implicit":60000}[39m
[38;5;140m[440cb498][0m[38;5;86m[HTTP][0m [37m<-- POST /wd/hub/session/440cb498-0a95-4229-ad78-90c551a49139/timeouts [39m[32m200[39m [90m2 ms - 14[39m [90m[39m
[38;5;140m[440cb498][0m[38;5;86m[HTTP][0m [37m-->[39m [37mPOST[39m [37m/wd/hub/session/440cb498-0a95-4229-ad78-90c551a49139/execute/sync[39m [90m{"args":[],"script":"mobile: getSystemBars"}[39m
[38;5;140m[440cb498][0m[38;5;-16m[AndroidUiautomator2Driver@055e][0m Executing native command 'mobile: getSystemBars'
[38;5;140m[440cb498][0m[38;5;86m[HTTP][0m [37m<-- POST /wd/hub/session/440cb498-0a95-4229-ad78-90c551a49139/execute/sync [39m[32m200[39m [90m131 ms - 151[39m [90m[39m
[38;5;140m[440cb498][0m[38;5;86m[HTTP][0m [37m-->[39m [37mPOST[39m [37m/wd/hub/session/440cb498-0a95-4229-ad78-90c551a49139/execute/sync[39m [90m{"args":[{"appId":"com.avinashproduct.todo","bundleId":"com.avinashproduct.todo"}],"script":"mobile: activateApp"}[39m
[38;5;140m[440cb498][0m[38;5;-16m[AndroidUiautomator2Driver@055e][0m Executing native command 'mobile: activateApp'
[38;5;140m[440cb498][0m[38;5;86m[HTTP][0m [37m<-- POST /wd/hub/session/440cb498-0a95-4229-ad78-90c551a49139/execute/sync [39m[32m200[39m [90m167 ms - 14[39m [90m[39m
[38;5;140m[440cb498][0m[38;5;86m[HTTP][0m [37m-->[39m [37mGET[39m [37m/wd/hub/session/440cb498-0a95-4229-ad78-90c551a49139/source[39m [90m{}[39m
[38;5;140m[440cb498][0m[38;5;-16m[AndroidUiautomator2Driver@055e][0m Driver proxy active, passing request on via HTTP proxy
[38;5;140m[440cb498][0m[38;5;-16m[AndroidUiautomator2Driver@055e][0m Replacing sessionId 79fd896d-2521-489f-93ab-75b957262275 with 440cb498-0a95-4229-ad78-90c551a49139
[38;5;140m[440cb498][0m[38;5;86m[HTTP][0m [37m<-- GET /wd/hub/session/440cb498-0a95-4229-ad78-90c551a49139/source [39m[32m200[39m [90m713 ms - 12023[39m [90m[39m
[38;5;140m[440cb498][0m[38;5;86m[HTTP][0m [37m-->[39m [37mGET[39m [37m/wd/hub/session/440cb498-0a95-4229-ad78-90c551a49139/screenshot[39m [90m{}[39m
[38;5;140m[440cb498][0m[38;5;86m[HTTP][0m [37m<-- GET /wd/hub/session/440cb498-0a95-4229-ad78-90c551a49139/screenshot [39m[32m200[39m [90m598 ms - 85868[39m [90m[39m
[38;5;140m[440cb498][0m[38;5;86m[HTTP][0m [37m-->[39m [37mGET[39m [37m/wd/hub/session/440cb498-0a95-4229-ad78-90c551a49139/source[39m [90m{}[39m
[38;5;140m[440cb498][0m[38;5;-16m[AndroidUiautomator2Driver@055e][0m Driver proxy active, passing request on via HTTP proxy
[38;5;140m[440cb498][0m[38;5;-16m[AndroidUiautomator2Driver@055e][0m Replacing sessionId 79fd896d-2521-489f-93ab-75b957262275 with 440cb498-0a95-4229-ad78-90c551a49139
[38;5;140m[440cb498][0m[38;5;86m[HTTP][0m [37m<-- GET /wd/hub/session/440cb498-0a95-4229-ad78-90c551a49139/source [39m[32m200[39m [90m138 ms - 6649[39m [90m[39m
[38;5;140m[440cb498][0m[38;5;86m[HTTP][0m [37m-->[39m [37mGET[39m [37m/wd/hub/session/440cb498-0a95-4229-ad78-90c551a49139/screenshot[39m [90m{}[39m
[38;5;140m[440cb498][0m[38;5;86m[HTTP][0m [37m<-- GET /wd/hub/session/440cb498-0a95-4229-ad78-90c551a49139/screenshot [39m[32m200[39m [90m636 ms - 102448[39m [90m[39m
[38;5;140m[440cb498][0m[38;5;86m[HTTP][0m [37m-->[39m [37mGET[39m [37m/wd/hub/session/440cb498-0a95-4229-ad78-90c551a49139/source[39m [90m{}[39m
[38;5;140m[440cb498][0m[38;5;-16m[AndroidUiautomator2Driver@055e][0m Driver proxy active, passing request on via HTTP proxy
[38;5;140m[440cb498][0m[38;5;-16m[AndroidUiautomator2Driver@055e][0m Replacing sessionId 79fd896d-2521-489f-93ab-75b957262275 with 440cb498-0a95-4229-ad78-90c551a49139
[38;5;140m[440cb498][0m[38;5;86m[HTTP][0m [37m<-- GET /wd/hub/session/440cb498-0a95-4229-ad78-90c551a49139/source [39m[32m200[39m [90m225 ms - 11206[39m [90m[39m
[38;5;140m[440cb498][0m[38;5;86m[HTTP][0m [37m-->[39m [37mGET[39m [37m/wd/hub/session/440cb498-0a95-4229-ad78-90c551a49139/screenshot[39m [90m{}[39m
[38;5;140m[440cb498][0m[38;5;86m[HTTP][0m [37m<-- GET /wd/hub/session/440cb498-0a95-4229-ad78-90c551a49139/screenshot [39m[32m200[39m [90m646 ms - 85868[39m [90m[39m
[38;5;140m[440cb498][0m[38;5;86m[HTTP][0m [37m-->[39m [37mGET[39m [37m/wd/hub/session/440cb498-0a95-4229-ad78-90c551a49139/window/rect[39m [90m{}[39m
[38;5;140m[440cb498][0m[38;5;86m[HTTP][0m [37m<-- GET /wd/hub/session/440cb498-0a95-4229-ad78-90c551a49139/window/rect [39m[32m200[39m [90m45 ms - 50[39m [90m[39m
[38;5;140m[440cb498][0m[38;5;86m[HTTP][0m [37m-->[39m [37mPOST[39m [37m/wd/hub/session/440cb498-0a95-4229-ad78-90c551a49139/elements[39m [90m{"value":"//*[@class = 'android.widget.ImageButton' and @resource-id = 'com.avinashproduct.todo:id/imgBtnMoreOption' and (@text = '' or . = '')]","using":"xpath"}[39m
[38;5;140m[440cb498][0m[38;5;86m[HTTP][0m [37m<-- POST /wd/hub/session/440cb498-0a95-4229-ad78-90c551a49139/elements [39m[32m200[39m [90m687 ms - 139[39m [90m[39m
[38;5;140m[440cb498][0m[38;5;86m[HTTP][0m [37m-->[39m [37mGET[39m [37m/wd/hub/session/440cb498-0a95-4229-ad78-90c551a49139/element/00000000-0000-01b6-ffff-ffff0000017e/rect[39m [90m{}[39m
[38;5;140m[440cb498][0m[38;5;-16m[AndroidUiautomator2Driver@055e][0m Driver proxy active, passing request on via HTTP proxy
[38;5;140m[440cb498][0m[38;5;-16m[AndroidUiautomator2Driver@055e][0m Replacing sessionId 79fd896d-2521-489f-93ab-75b957262275 with 440cb498-0a95-4229-ad78-90c551a49139
[38;5;140m[440cb498][0m[38;5;86m[HTTP][0m [37m<-- GET /wd/hub/session/440cb498-0a95-4229-ad78-90c551a49139/element/00000000-0000-01b6-ffff-ffff0000017e/rect [39m[32m200[39m [90m33 ms - 101[39m [90m[39m
[38;5;140m[440cb498][0m[38;5;86m[HTTP][0m [37m-->[39m [37mPOST[39m [37m/wd/hub/session/440cb498-0a95-4229-ad78-90c551a49139/element/00000000-0000-01b6-ffff-ffff0000017e/click[39m [90m{"id":"00000000-0000-01b6-ffff-ffff0000017e"}[39m
[38;5;140m[440cb498][0m[38;5;86m[HTTP][0m [37m<-- POST /wd/hub/session/440cb498-0a95-4229-ad78-90c551a49139/element/00000000-0000-01b6-ffff-ffff0000017e/click [39m[32m200[39m [90m901 ms - 14[39m [90m[39m
[38;5;140m[440cb498][0m[38;5;86m[HTTP][0m [37m-->[39m [37mGET[39m [37m/wd/hub/session/440cb498-0a95-4229-ad78-90c551a49139/source[39m [90m{}[39m
[38;5;140m[440cb498][0m[38;5;-16m[AndroidUiautomator2Driver@055e][0m Driver proxy active, passing request on via HTTP proxy
[38;5;140m[440cb498][0m[38;5;-16m[AndroidUiautomator2Driver@055e][0m Replacing sessionId 79fd896d-2521-489f-93ab-75b957262275 with 440cb498-0a95-4229-ad78-90c551a49139
[38;5;140m[440cb498][0m[38;5;86m[HTTP][0m [37m<-- GET /wd/hub/session/440cb498-0a95-4229-ad78-90c551a49139/source [39m[32m200[39m [90m163 ms - 6649[39m [90m[39m
[38;5;140m[440cb498][0m[38;5;86m[HTTP][0m [37m-->[39m [37mGET[39m [37m/wd/hub/session/440cb498-0a95-4229-ad78-90c551a49139/screenshot[39m [90m{}[39m
[38;5;140m[440cb498][0m[38;5;86m[HTTP][0m [37m<-- GET /wd/hub/session/440cb498-0a95-4229-ad78-90c551a49139/screenshot [39m[32m200[39m [90m750 ms - 101808[39m [90m[39m
[38;5;140m[440cb498][0m[38;5;86m[HTTP][0m [37m-->[39m [37mGET[39m [37m/wd/hub/session/440cb498-0a95-4229-ad78-90c551a49139/window/rect[39m [90m{}[39m
[38;5;140m[440cb498][0m[38;5;86m[HTTP][0m [37m<-- GET /wd/hub/session/440cb498-0a95-4229-ad78-90c551a49139/window/rect [39m[32m200[39m [90m42 ms - 50[39m [90m[39m
[38;5;140m[440cb498][0m[38;5;86m[HTTP][0m [37m-->[39m [37mPOST[39m [37m/wd/hub/session/440cb498-0a95-4229-ad78-90c551a49139/elements[39m [90m{"value":"//*[@class = 'android.widget.TextView' and (@text = 'Edit' or . = 'Edit') and @resource-id = 'com.avinashproduct.todo:id/title']","using":"xpath"}[39m
[38;5;140m[440cb498][0m[38;5;86m[HTTP][0m [37m<-- POST /wd/hub/session/440cb498-0a95-4229-ad78-90c551a49139/elements [39m[32m200[39m [90m211 ms - 139[39m [90m[39m
[38;5;140m[440cb498][0m[38;5;86m[HTTP][0m [37m-->[39m [37mGET[39m [37m/wd/hub/session/440cb498-0a95-4229-ad78-90c551a49139/element/00000000-0000-01c1-ffff-ffff00000207/rect[39m [90m{}[39m
[38;5;140m[440cb498][0m[38;5;-16m[AndroidUiautomator2Driver@055e][0m Driver proxy active, passing request on via HTTP proxy
[38;5;140m[440cb498][0m[38;5;-16m[AndroidUiautomator2Driver@055e][0m Replacing sessionId 79fd896d-2521-489f-93ab-75b957262275 with 440cb498-0a95-4229-ad78-90c551a49139
[38;5;140m[440cb498][0m[38;5;86m[HTTP][0m [37m<-- GET /wd/hub/session/440cb498-0a95-4229-ad78-90c551a49139/element/00000000-0000-01c1-ffff-ffff00000207/rect [39m[32m200[39m [90m32 ms - 102[39m [90m[39m
[38;5;140m[440cb498][0m[38;5;86m[HTTP][0m [37m-->[39m [37mPOST[39m [37m/wd/hub/session/440cb498-0a95-4229-ad78-90c551a49139/element/00000000-0000-01c1-ffff-ffff00000207/click[39m [90m{"id":"00000000-0000-01c1-ffff-ffff00000207"}[39m
[38;5;140m[440cb498][0m[38;5;86m[HTTP][0m [37m<-- POST /wd/hub/session/440cb498-0a95-4229-ad78-90c551a49139/element/00000000-0000-01c1-ffff-ffff00000207/click [39m[32m200[39m [90m1292 ms - 14[39m [90m[39m
[38;5;140m[440cb498][0m[38;5;86m[HTTP][0m [37m-->[39m [37mGET[39m [37m/wd/hub/session/440cb498-0a95-4229-ad78-90c551a49139/source[39m [90m{}[39m
[38;5;140m[440cb498][0m[38;5;-16m[AndroidUiautomator2Driver@055e][0m Driver proxy active, passing request on via HTTP proxy
[38;5;140m[440cb498][0m[38;5;-16m[AndroidUiautomator2Driver@055e][0m Replacing sessionId 79fd896d-2521-489f-93ab-75b957262275 with 440cb498-0a95-4229-ad78-90c551a49139
[38;5;140m[440cb498][0m[38;5;86m[HTTP][0m [37m<-- GET /wd/hub/session/440cb498-0a95-4229-ad78-90c551a49139/source [39m[32m200[39m [90m271 ms - 13078[39m [90m[39m
[38;5;140m[440cb498][0m[38;5;86m[HTTP][0m [37m-->[39m [37mGET[39m [37m/wd/hub/session/440cb498-0a95-4229-ad78-90c551a49139/screenshot[39m [90m{}[39m
[38;5;140m[440cb498][0m[38;5;86m[HTTP][0m [37m<-- GET /wd/hub/session/440cb498-0a95-4229-ad78-90c551a49139/screenshot [39m[32m200[39m [90m568 ms - 305016[39m [90m[39m
[38;5;140m[440cb498][0m[38;5;86m[HTTP][0m [37m-->[39m [37mGET[39m [37m/wd/hub/session/440cb498-0a95-4229-ad78-90c551a49139/source[39m [90m{}[39m
[38;5;140m[440cb498][0m[38;5;-16m[AndroidUiautomator2Driver@055e][0m Driver proxy active, passing request on via HTTP proxy
[38;5;140m[440cb498][0m[38;5;-16m[AndroidUiautomator2Driver@055e][0m Replacing sessionId 79fd896d-2521-489f-93ab-75b957262275 with 440cb498-0a95-4229-ad78-90c551a49139
[38;5;140m[440cb498][0m[38;5;86m[HTTP][0m [37m<-- GET /wd/hub/session/440cb498-0a95-4229-ad78-90c551a49139/source [39m[32m200[39m [90m144 ms - 6649[39m [90m[39m
[38;5;140m[440cb498][0m[38;5;86m[HTTP][0m [37m-->[39m [37mGET[39m [37m/wd/hub/session/440cb498-0a95-4229-ad78-90c551a49139/screenshot[39m [90m{}[39m
[38;5;140m[440cb498][0m[38;5;86m[HTTP][0m [37m<-- GET /wd/hub/session/440cb498-0a95-4229-ad78-90c551a49139/screenshot [39m[32m200[39m [90m636 ms - 102544[39m [90m[39m
[38;5;140m[440cb498][0m[38;5;86m[HTTP][0m [37m-->[39m [37mGET[39m [37m/wd/hub/session/440cb498-0a95-4229-ad78-90c551a49139/window/rect[39m [90m{}[39m
[38;5;140m[440cb498][0m[38;5;86m[HTTP][0m [37m<-- GET /wd/hub/session/440cb498-0a95-4229-ad78-90c551a49139/window/rect [39m[32m200[39m [90m41 ms - 50[39m [90m[39m
[38;5;140m[440cb498][0m[38;5;86m[HTTP][0m [37m-->[39m [37mPOST[39m [37m/wd/hub/session/440cb498-0a95-4229-ad78-90c551a49139/elements[39m [90m{"value":"//*[@class = 'android.widget.TextView' and (@text = 'Copy' or . = 'Copy') and @resource-id = 'com.avinashproduct.todo:id/title']","using":"xpath"}[39m
[38;5;140m[440cb498][0m[38;5;86m[HTTP][0m [37m<-- POST /wd/hub/session/440cb498-0a95-4229-ad78-90c551a49139/elements [39m[32m200[39m [90m310 ms - 139[39m [90m[39m
[38;5;140m[440cb498][0m[38;5;86m[HTTP][0m [37m-->[39m [37mGET[39m [37m/wd/hub/session/440cb498-0a95-4229-ad78-90c551a49139/element/00000000-0000-01c3-ffff-ffff00000245/rect[39m [90m{}[39m
[38;5;140m[440cb498][0m[38;5;-16m[AndroidUiautomator2Driver@055e][0m Driver proxy active, passing request on via HTTP proxy
[38;5;140m[440cb498][0m[38;5;-16m[AndroidUiautomator2Driver@055e][0m Replacing sessionId 79fd896d-2521-489f-93ab-75b957262275 with 440cb498-0a95-4229-ad78-90c551a49139
[38;5;140m[440cb498][0m[38;5;86m[HTTP][0m [37m<-- GET /wd/hub/session/440cb498-0a95-4229-ad78-90c551a49139/element/00000000-0000-01c3-ffff-ffff00000245/rect [39m[32m200[39m [90m32 ms - 102[39m [90m[39m
[38;5;140m[440cb498][0m[38;5;86m[HTTP][0m [37m-->[39m [37mPOST[39m [37m/wd/hub/session/440cb498-0a95-4229-ad78-90c551a49139/element/00000000-0000-01c3-ffff-ffff00000245/click[39m [90m{"id":"00000000-0000-01c3-ffff-ffff00000245"}[39m
[38;5;140m[440cb498][0m[38;5;86m[HTTP][0m [37m<-- POST /wd/hub/session/440cb498-0a95-4229-ad78-90c551a49139/element/00000000-0000-01c3-ffff-ffff00000245/click [39m[32m200[39m [90m653 ms - 14[39m [90m[39m
[38;5;140m[440cb498][0m[38;5;86m[HTTP][0m [37m-->[39m [37mGET[39m [37m/wd/hub/session/440cb498-0a95-4229-ad78-90c551a49139/source[39m [90m{}[39m
[38;5;140m[440cb498][0m[38;5;-16m[AndroidUiautomator2Driver@055e][0m Driver proxy active, passing request on via HTTP proxy
[38;5;140m[440cb498][0m[38;5;-16m[AndroidUiautomator2Driver@055e][0m Replacing sessionId 79fd896d-2521-489f-93ab-75b957262275 with 440cb498-0a95-4229-ad78-90c551a49139
[38;5;140m[440cb498][0m[38;5;86m[HTTP][0m [37m<-- GET /wd/hub/session/440cb498-0a95-4229-ad78-90c551a49139/source [39m[32m200[39m [90m249 ms - 11350[39m [90m[39m
[38;5;140m[440cb498][0m[38;5;86m[HTTP][0m [37m-->[39m [37mGET[39m [37m/wd/hub/session/440cb498-0a95-4229-ad78-90c551a49139/screenshot[39m [90m{}[39m
[38;5;140m[440cb498][0m[38;5;86m[HTTP][0m [37m<-- GET /wd/hub/session/440cb498-0a95-4229-ad78-90c551a49139/screenshot [39m[32m200[39m [90m780 ms - 105552[39m [90m[39m
[38;5;140m[440cb498][0m[38;5;86m[HTTP][0m [37m-->[39m [37mGET[39m [37m/wd/hub/session/440cb498-0a95-4229-ad78-90c551a49139/source[39m [90m{}[39m
[38;5;140m[440cb498][0m[38;5;-16m[AndroidUiautomator2Driver@055e][0m Driver proxy active, passing request on via HTTP proxy
[38;5;140m[440cb498][0m[38;5;-16m[AndroidUiautomator2Driver@055e][0m Replacing sessionId 79fd896d-2521-489f-93ab-75b957262275 with 440cb498-0a95-4229-ad78-90c551a49139
[38;5;140m[440cb498][0m[38;5;86m[HTTP][0m [37m<-- GET /wd/hub/session/440cb498-0a95-4229-ad78-90c551a49139/source [39m[32m200[39m [90m154 ms - 6649[39m [90m[39m
[38;5;140m[440cb498][0m[38;5;86m[HTTP][0m [37m-->[39m [37mGET[39m [37m/wd/hub/session/440cb498-0a95-4229-ad78-90c551a49139/screenshot[39m [90m{}[39m
[38;5;140m[440cb498][0m[38;5;86m[HTTP][0m [37m<-- GET /wd/hub/session/440cb498-0a95-4229-ad78-90c551a49139/screenshot [39m[32m200[39m [90m630 ms - 102996[39m [90m[39m
[38;5;140m[440cb498][0m[38;5;86m[HTTP][0m [37m-->[39m [37mGET[39m [37m/wd/hub/session/440cb498-0a95-4229-ad78-90c551a49139/window/rect[39m [90m{}[39m
[38;5;140m[440cb498][0m[38;5;86m[HTTP][0m [37m<-- GET /wd/hub/session/440cb498-0a95-4229-ad78-90c551a49139/window/rect [39m[32m200[39m [90m42 ms - 50[39m [90m[39m
[38;5;140m[440cb498][0m[38;5;86m[HTTP][0m [37m-->[39m [37mPOST[39m [37m/wd/hub/session/440cb498-0a95-4229-ad78-90c551a49139/elements[39m [90m{"value":"//*[@class = 'android.widget.TextView' and (@text = 'Share' or . = 'Share') and @resource-id = 'com.avinashproduct.todo:id/title']","using":"xpath"}[39m
[38;5;140m[440cb498][0m[38;5;86m[HTTP][0m [37m<-- POST /wd/hub/session/440cb498-0a95-4229-ad78-90c551a49139/elements [39m[32m200[39m [90m345 ms - 139[39m [90m[39m
[38;5;140m[440cb498][0m[38;5;86m[HTTP][0m [37m-->[39m [37mGET[39m [37m/wd/hub/session/440cb498-0a95-4229-ad78-90c551a49139/element/00000000-0000-01c5-ffff-ffff00000263/rect[39m [90m{}[39m
[38;5;140m[440cb498][0m[38;5;-16m[AndroidUiautomator2Driver@055e][0m Driver proxy active, passing request on via HTTP proxy
[38;5;140m[440cb498][0m[38;5;-16m[AndroidUiautomator2Driver@055e][0m Replacing sessionId 79fd896d-2521-489f-93ab-75b957262275 with 440cb498-0a95-4229-ad78-90c551a49139
[38;5;140m[440cb498][0m[38;5;86m[HTTP][0m [37m<-- GET /wd/hub/session/440cb498-0a95-4229-ad78-90c551a49139/element/00000000-0000-01c5-ffff-ffff00000263/rect [39m[32m200[39m [90m43 ms - 102[39m [90m[39m
[38;5;140m[440cb498][0m[38;5;86m[HTTP][0m [37m-->[39m [37mPOST[39m [37m/wd/hub/session/440cb498-0a95-4229-ad78-90c551a49139/element/00000000-0000-01c5-ffff-ffff00000263/click[39m [90m{"id":"00000000-0000-01c5-ffff-ffff00000263"}[39m
[38;5;140m[440cb498][0m[38;5;86m[HTTP][0m [37m<-- POST /wd/hub/session/440cb498-0a95-4229-ad78-90c551a49139/element/00000000-0000-01c5-ffff-ffff00000263/click [39m[32m200[39m [90m921 ms - 14[39m [90m[39m
[38;5;140m[440cb498][0m[38;5;86m[HTTP][0m [37m-->[39m [37mGET[39m [37m/wd/hub/session/440cb498-0a95-4229-ad78-90c551a49139/source[39m [90m{}[39m
[38;5;140m[440cb498][0m[38;5;-16m[AndroidUiautomator2Driver@055e][0m Driver proxy active, passing request on via HTTP proxy
[38;5;140m[440cb498][0m[38;5;-16m[AndroidUiautomator2Driver@055e][0m Replacing sessionId 79fd896d-2521-489f-93ab-75b957262275 with 440cb498-0a95-4229-ad78-90c551a49139
[38;5;140m[440cb498][0m[38;5;86m[HTTP][0m [37m<-- GET /wd/hub/session/440cb498-0a95-4229-ad78-90c551a49139/source [39m[32m200[39m [90m384 ms - 25933[39m [90m[39m
[38;5;140m[440cb498][0m[38;5;86m[HTTP][0m [37m-->[39m [37mGET[39m [37m/wd/hub/session/440cb498-0a95-4229-ad78-90c551a49139/screenshot[39m [90m{}[39m
[38;5;140m[440cb498][0m[38;5;86m[HTTP][0m [37m<-- GET /wd/hub/session/440cb498-0a95-4229-ad78-90c551a49139/screenshot [39m[32m200[39m [90m853 ms - 236960[39m [90m[39m
[38;5;140m[440cb498][0m[38;5;86m[HTTP][0m [37m-->[39m [37mGET[39m [37m/wd/hub/session/440cb498-0a95-4229-ad78-90c551a49139/source[39m [90m{}[39m
[38;5;140m[440cb498][0m[38;5;-16m[AndroidUiautomator2Driver@055e][0m Driver proxy active, passing request on via HTTP proxy
[38;5;140m[440cb498][0m[38;5;-16m[AndroidUiautomator2Driver@055e][0m Replacing sessionId 79fd896d-2521-489f-93ab-75b957262275 with 440cb498-0a95-4229-ad78-90c551a49139
[38;5;140m[440cb498][0m[38;5;86m[HTTP][0m [37m<-- GET /wd/hub/session/440cb498-0a95-4229-ad78-90c551a49139/source [39m[32m200[39m [90m171 ms - 6649[39m [90m[39m
[38;5;140m[440cb498][0m[38;5;86m[HTTP][0m [37m-->[39m [37mGET[39m [37m/wd/hub/session/440cb498-0a95-4229-ad78-90c551a49139/screenshot[39m [90m{}[39m
[38;5;140m[440cb498][0m[38;5;86m[HTTP][0m [37m<-- GET /wd/hub/session/440cb498-0a95-4229-ad78-90c551a49139/screenshot [39m[32m200[39m [90m629 ms - 102544[39m [90m[39m
[38;5;140m[440cb498][0m[38;5;86m[HTTP][0m [37m-->[39m [37mGET[39m [37m/wd/hub/session/440cb498-0a95-4229-ad78-90c551a49139/window/rect[39m [90m{}[39m
[38;5;140m[440cb498][0m[38;5;86m[HTTP][0m [37m<-- GET /wd/hub/session/440cb498-0a95-4229-ad78-90c551a49139/window/rect [39m[32m200[39m [90m39 ms - 50[39m [90m[39m
[38;5;140m[440cb498][0m[38;5;86m[HTTP][0m [37m-->[39m [37mPOST[39m [37m/wd/hub/session/440cb498-0a95-4229-ad78-90c551a49139/elements[39m [90m{"value":"//*[@class = 'android.widget.TextView' and (@text = 'Delete' or . = 'Delete') and @resource-id = 'com.avinashproduct.todo:id/title']","using":"xpath"}[39m
[38;5;140m[440cb498][0m[38;5;86m[HTTP][0m [37m<-- POST /wd/hub/session/440cb498-0a95-4229-ad78-90c551a49139/elements [39m[32m200[39m [90m61661 ms - 12[39m [90m[39m
[38;5;140m[440cb498][0m[38;5;86m[HTTP][0m [37m-->[39m [37mGET[39m [37m/wd/hub/session/440cb498-0a95-4229-ad78-90c551a49139/source[39m [90m{}[39m
[38;5;140m[440cb498][0m[38;5;-16m[AndroidUiautomator2Driver@055e][0m Driver proxy active, passing request on via HTTP proxy
[38;5;140m[440cb498][0m[38;5;-16m[AndroidUiautomator2Driver@055e][0m Replacing sessionId 79fd896d-2521-489f-93ab-75b957262275 with 440cb498-0a95-4229-ad78-90c551a49139
[38;5;140m[440cb498][0m[38;5;86m[HTTP][0m [37m<-- GET /wd/hub/session/440cb498-0a95-4229-ad78-90c551a49139/source [39m[32m200[39m [90m1640 ms - 84650[39m [90m[39m
[38;5;140m[440cb498][0m[38;5;86m[HTTP][0m [37m-->[39m [37mGET[39m [37m/wd/hub/session/440cb498-0a95-4229-ad78-90c551a49139/screenshot[39m [90m{}[39m
[38;5;140m[440cb498][0m[38;5;86m[HTTP][0m [37m<-- GET /wd/hub/session/440cb498-0a95-4229-ad78-90c551a49139/screenshot [39m[32m200[39m [90m2111 ms - 2714092[39m [90m[39m
[38;5;140m[440cb498][0m[38;5;86m[HTTP][0m [37m-->[39m [37mDELETE[39m [37m/wd/hub/session/440cb498-0a95-4229-ad78-90c551a49139[39m [90m{}[39m
[38;5;140m[440cb498][0m[38;5;166m[AppiumDriver@6d08][0m Removing session 440cb498-0a95-4229-ad78-90c551a49139 from our master session list
[38;5;140m[440cb498][0m[38;5;-16m[AndroidUiautomator2Driver@055e][0m Restoring hidden api policy to the device default configuration
[38;5;140m[440cb498][0m[38;5;86m[HTTP][0m [37m<-- DELETE /wd/hub/session/440cb498-0a95-4229-ad78-90c551a49139 [39m[32m200[39m [90m376 ms - 14[39m [90m[39m
